0 verbose cli /usr/bin/node /usr/bin/npm
1 info using npm@10.5.0
2 info using node@v20.12.2
3 timing npm:load:whichnode Completed in 1ms
4 timing config:load:defaults Completed in 2ms
5 timing config:load:file:/usr/lib/node_modules/npm/npmrc Completed in 3ms
6 timing config:load:builtin Completed in 3ms
7 timing config:load:cli Completed in 12ms
8 timing config:load:env Completed in 0ms
9 timing config:load:file:/home/ubuntu/Todo/.npmrc Completed in 0ms
10 timing config:load:project Completed in 10ms
11 timing config:load:file:/home/ubuntu/.npmrc Completed in 1ms
12 timing config:load:user Completed in 1ms
13 timing config:load:file:/usr/etc/npmrc Completed in 0ms
14 timing config:load:global Completed in 0ms
15 timing config:load:setEnvs Completed in 1ms
16 timing config:load Completed in 29ms
17 timing npm:load:configload Completed in 29ms
18 timing config:load:flatten Completed in 3ms
19 timing npm:load:mkdirpcache Completed in 0ms
20 timing npm:load:mkdirplogs Completed in 0ms
21 verbose title npm install is-empty
22 verbose argv "install" "is-empty"
23 timing npm:load:setTitle Completed in 0ms
24 timing npm:load:display Completed in 1ms
25 verbose logfile logs-max:10 dir:/home/ubuntu/.npm/_logs/2024-05-07T14_02_53_570Z-
26 verbose logfile /home/ubuntu/.npm/_logs/2024-05-07T14_02_53_570Z-debug-0.log
27 timing npm:load:logFile Completed in 10ms
28 timing npm:load:timers Completed in 0ms
29 timing npm:load:configScope Completed in 0ms
30 timing npm:load Completed in 65ms
31 timing arborist:ctor Completed in 1ms
32 silly logfile done cleaning log files
33 timing idealTree:init Completed in 191ms
34 timing idealTree:userRequests Completed in 1ms
35 silly idealTree buildDeps
36 silly fetch manifest is-empty@*
37 timing arborist:ctor Completed in 0ms
38 http fetch GET 200 https://registry.npmjs.org/is-empty 204ms (cache miss)
39 silly placeDep ROOT is-empty@1.2.0 OK for: todo@1.0.0 want: *
40 timing idealTree:#root Completed in 214ms
41 timing idealTree:node_modules/is-empty Completed in 0ms
42 timing idealTree:buildDeps Completed in 216ms
43 timing idealTree:fixDepFlags Completed in 8ms
44 timing idealTree Completed in 437ms
45 timing reify:loadTrees Completed in 438ms
46 timing reify:diffTrees Completed in 5ms
47 silly reify moves {}
48 timing reify:retireShallow Completed in 2ms
49 timing reify:createSparse Completed in 2ms
50 timing reify:loadBundles Completed in 0ms
51 silly audit bulk request {
51 silly audit   '@aws-crypto/ie11-detection': [ '3.0.0' ],
51 silly audit   tslib: [ '1.14.1', '2.6.2' ],
51 silly audit   '@aws-crypto/sha256-browser': [ '3.0.0' ],
51 silly audit   '@aws-crypto/sha256-js': [ '3.0.0' ],
51 silly audit   '@aws-crypto/supports-web-crypto': [ '3.0.0' ],
51 silly audit   '@aws-crypto/util': [ '3.0.0' ],
51 silly audit   '@aws-sdk/client-cognito-identity': [ '3.569.0' ],
51 silly audit   '@aws-sdk/client-sso': [ '3.568.0' ],
51 silly audit   '@aws-sdk/client-sso-oidc': [ '3.569.0' ],
51 silly audit   '@aws-sdk/client-sts': [ '3.569.0' ],
51 silly audit   '@aws-sdk/core': [ '3.567.0' ],
51 silly audit   '@aws-sdk/credential-provider-cognito-identity': [ '3.569.0' ],
51 silly audit   '@aws-sdk/credential-provider-env': [ '3.568.0' ],
51 silly audit   '@aws-sdk/credential-provider-http': [ '3.568.0' ],
51 silly audit   '@aws-sdk/credential-provider-ini': [ '3.568.0' ],
51 silly audit   '@aws-sdk/credential-provider-node': [ '3.569.0' ],
51 silly audit   '@aws-sdk/credential-provider-process': [ '3.568.0' ],
51 silly audit   '@aws-sdk/credential-provider-sso': [ '3.568.0' ],
51 silly audit   '@aws-sdk/credential-provider-web-identity': [ '3.568.0' ],
51 silly audit   '@aws-sdk/credential-providers': [ '3.569.0' ],
51 silly audit   '@aws-sdk/middleware-host-header': [ '3.567.0' ],
51 silly audit   '@aws-sdk/middleware-logger': [ '3.568.0' ],
51 silly audit   '@aws-sdk/middleware-recursion-detection': [ '3.567.0' ],
51 silly audit   '@aws-sdk/middleware-user-agent': [ '3.567.0' ],
51 silly audit   '@aws-sdk/region-config-resolver': [ '3.567.0' ],
51 silly audit   '@aws-sdk/token-providers': [ '3.568.0' ],
51 silly audit   '@aws-sdk/types': [ '3.567.0' ],
51 silly audit   '@aws-sdk/util-endpoints': [ '3.567.0' ],
51 silly audit   '@aws-sdk/util-locate-window': [ '3.568.0' ],
51 silly audit   '@aws-sdk/util-user-agent-browser': [ '3.567.0' ],
51 silly audit   '@aws-sdk/util-user-agent-node': [ '3.568.0' ],
51 silly audit   '@aws-sdk/util-utf8-browser': [ '3.259.0' ],
51 silly audit   '@mongodb-js/saslprep': [ '1.1.6' ],
51 silly audit   '@smithy/abort-controller': [ '2.2.0' ],
51 silly audit   '@smithy/config-resolver': [ '2.2.0' ],
51 silly audit   '@smithy/core': [ '1.4.2' ],
51 silly audit   '@smithy/credential-provider-imds': [ '2.3.0' ],
51 silly audit   '@smithy/fetch-http-handler': [ '2.5.0' ],
51 silly audit   '@smithy/hash-node': [ '2.2.0' ],
51 silly audit   '@smithy/invalid-dependency': [ '2.2.0' ],
51 silly audit   '@smithy/is-array-buffer': [ '2.2.0' ],
51 silly audit   '@smithy/middleware-content-length': [ '2.2.0' ],
51 silly audit   '@smithy/middleware-endpoint': [ '2.5.1' ],
51 silly audit   '@smithy/middleware-retry': [ '2.3.1' ],
51 silly audit   '@smithy/middleware-serde': [ '2.3.0' ],
51 silly audit   '@smithy/middleware-stack': [ '2.2.0' ],
51 silly audit   '@smithy/node-config-provider': [ '2.3.0' ],
51 silly audit   '@smithy/node-http-handler': [ '2.5.0' ],
51 silly audit   '@smithy/property-provider': [ '2.2.0' ],
51 silly audit   '@smithy/protocol-http': [ '3.3.0' ],
51 silly audit   '@smithy/querystring-builder': [ '2.2.0' ],
51 silly audit   '@smithy/querystring-parser': [ '2.2.0' ],
51 silly audit   '@smithy/service-error-classification': [ '2.1.5' ],
51 silly audit   '@smithy/shared-ini-file-loader': [ '2.4.0' ],
51 silly audit   '@smithy/signature-v4': [ '2.3.0' ],
51 silly audit   '@smithy/smithy-client': [ '2.5.1' ],
51 silly audit   '@smithy/types': [ '2.12.0' ],
51 silly audit   '@smithy/url-parser': [ '2.2.0' ],
51 silly audit   '@smithy/util-base64': [ '2.3.0' ],
51 silly audit   '@smithy/util-body-length-browser': [ '2.2.0' ],
51 silly audit   '@smithy/util-body-length-node': [ '2.3.0' ],
51 silly audit   '@smithy/util-buffer-from': [ '2.2.0' ],
51 silly audit   '@smithy/util-config-provider': [ '2.3.0' ],
51 silly audit   '@smithy/util-defaults-mode-browser': [ '2.2.1' ],
51 silly audit   '@smithy/util-defaults-mode-node': [ '2.3.1' ],
51 silly audit   '@smithy/util-endpoints': [ '1.2.0' ],
51 silly audit   '@smithy/util-hex-encoding': [ '2.2.0' ],
51 silly audit   '@smithy/util-middleware': [ '2.2.0' ],
51 silly audit   '@smithy/util-retry': [ '2.2.0' ],
51 silly audit   '@smithy/util-stream': [ '2.2.0' ],
51 silly audit   '@smithy/util-uri-escape': [ '2.2.0' ],
51 silly audit   '@smithy/util-utf8': [ '2.3.0' ],
51 silly audit   '@types/node': [ '20.12.9' ],
51 silly audit   '@types/webidl-conversions': [ '7.0.3' ],
51 silly audit   '@types/whatwg-url': [ '11.0.4', '8.2.2' ],
51 silly audit   accepts: [ '1.3.8' ],
51 silly audit   'array-flatten': [ '1.1.1' ],
51 silly audit   'base64-js': [ '1.5.1' ],
51 silly audit   'body-parser': [ '1.20.2' ],
51 silly audit   bowser: [ '2.11.0' ],
51 silly audit   bson: [ '4.7.2', '6.7.0' ],
51 silly audit   buffer: [ '5.7.1' ],
51 silly audit   bytes: [ '3.1.2' ],
51 silly audit   'call-bind': [ '1.0.7' ],
51 silly audit   'content-disposition': [ '0.5.4' ],
51 silly audit   'content-type': [ '1.0.5' ],
51 silly audit   cookie: [ '0.6.0' ],
51 silly audit   'cookie-signature': [ '1.0.6' ],
51 silly audit   debug: [ '2.6.9', '4.3.4' ],
51 silly audit   'define-data-property': [ '1.1.4' ],
51 silly audit   depd: [ '2.0.0' ],
51 silly audit   destroy: [ '1.2.0' ],
51 silly audit   dotenv: [ '16.4.5' ],
51 silly audit   'ee-first': [ '1.1.1' ],
51 silly audit   encodeurl: [ '1.0.2' ],
51 silly audit   'es-define-property': [ '1.0.0' ],
51 silly audit   'es-errors': [ '1.3.0' ],
51 silly audit   'escape-html': [ '1.0.3' ],
51 silly audit   etag: [ '1.8.1' ],
51 silly audit   express: [ '4.19.2' ],
51 silly audit   'fast-xml-parser': [ '4.2.5' ],
51 silly audit   finalhandler: [ '1.2.0' ],
51 silly audit   forwarded: [ '0.2.0' ],
51 silly audit   fresh: [ '0.5.2' ],
51 silly audit   'function-bind': [ '1.1.2' ],
51 silly audit   'get-intrinsic': [ '1.2.4' ],
51 silly audit   gopd: [ '1.0.1' ],
51 silly audit   'has-property-descriptors': [ '1.0.2' ],
51 silly audit   'has-proto': [ '1.0.3' ],
51 silly audit   'has-symbols': [ '1.0.3' ],
51 silly audit   hasown: [ '2.0.2' ],
51 silly audit   'http-errors': [ '2.0.0' ],
51 silly audit   'iconv-lite': [ '0.4.24' ],
51 silly audit   ieee754: [ '1.2.1' ],
51 silly audit   inherits: [ '2.0.4' ],
51 silly audit   'ip-address': [ '9.0.5' ],
51 silly audit   'ipaddr.js': [ '1.9.1' ],
51 silly audit   jsbn: [ '1.1.0' ],
51 silly audit   kareem: [ '2.6.3' ],
51 silly audit   'media-typer': [ '0.3.0' ],
51 silly audit   'memory-pager': [ '1.5.0' ],
51 silly audit   'merge-descriptors': [ '1.0.1' ],
51 silly audit   methods: [ '1.1.2' ],
51 silly audit   mime: [ '1.6.0' ],
51 silly audit   'mime-db': [ '1.52.0' ],
51 silly audit   'mime-types': [ '2.1.35' ],
51 silly audit   mongodb: [ '4.17.2', '6.5.0' ],
51 silly audit   'mongodb-connection-string-url': [ '2.6.0', '3.0.0' ],
51 silly audit   tr46: [ '3.0.0', '4.1.1' ],
51 silly audit   'whatwg-url': [ '11.0.0', '13.0.0' ],
51 silly audit   mongoose: [ '8.3.3' ],
51 silly audit   ms: [ '2.1.3', '2.1.2', '2.0.0' ],
51 silly audit   mpath: [ '0.9.0' ],
51 silly audit   mquery: [ '5.0.0' ],
51 silly audit   negotiator: [ '0.6.3' ],
51 silly audit   'object-inspect': [ '1.13.1' ],
51 silly audit   'on-finished': [ '2.4.1' ],
51 silly audit   parseurl: [ '1.3.3' ],
51 silly audit   'path-to-regexp': [ '0.1.7' ],
51 silly audit   'proxy-addr': [ '2.0.7' ],
51 silly audit   punycode: [ '2.3.1' ],
51 silly audit   qs: [ '6.11.0' ],
51 silly audit   'range-parser': [ '1.2.1' ],
51 silly audit   'raw-body': [ '2.5.2' ],
51 silly audit   'safe-buffer': [ '5.2.1' ],
51 silly audit   'safer-buffer': [ '2.1.2' ],
51 silly audit   send: [ '0.18.0' ],
51 silly audit   'serve-static': [ '1.15.0' ],
51 silly audit   'set-function-length': [ '1.2.2' ],
51 silly audit   setprototypeof: [ '1.2.0' ],
51 silly audit   'side-channel': [ '1.0.6' ],
51 silly audit   sift: [ '16.0.1' ],
51 silly audit   'smart-buffer': [ '4.2.0' ],
51 silly audit   socks: [ '2.8.3' ],
51 silly audit   'sparse-bitfield': [ '3.0.3' ],
51 silly audit   'sprintf-js': [ '1.1.3' ],
51 silly audit   statuses: [ '2.0.1' ],
51 silly audit   strnum: [ '1.0.5' ],
51 silly audit   toidentifier: [ '1.0.1' ],
51 silly audit   'type-is': [ '1.6.18' ],
51 silly audit   'undici-types': [ '5.26.5' ],
51 silly audit   unpipe: [ '1.0.0' ],
51 silly audit   'utils-merge': [ '1.0.1' ],
51 silly audit   uuid: [ '9.0.1' ],
51 silly audit   validator: [ '13.11.0' ],
51 silly audit   vary: [ '1.1.2' ],
51 silly audit   'webidl-conversions': [ '7.0.0' ],
51 silly audit   'is-empty': [ '1.2.0' ]
51 silly audit }
52 silly tarball no local data for is-empty@https://registry.npmjs.org/is-empty/-/is-empty-1.2.0.tgz. Extracting by manifest.
53 http fetch GET 200 https://registry.npmjs.org/is-empty/-/is-empty-1.2.0.tgz 73ms (cache miss)
54 timing reifyNode:node_modules/is-empty Completed in 81ms
55 timing reify:unpack Completed in 81ms
56 timing reify:unretire Completed in 1ms
57 timing build:queue Completed in 1ms
58 timing build:deps Completed in 1ms
59 timing build Completed in 1ms
60 timing reify:build Completed in 1ms
61 timing reify:trash Completed in 0ms
62 timing reify:save Completed in 139ms
63 http fetch POST 200 https://registry.npmjs.org/-/npm/v1/security/advisories/bulk 306ms
64 timing auditReport:getReport Completed in 310ms
65 silly audit report {}
66 timing auditReport:init Completed in 0ms
67 timing reify:audit Completed in 312ms
68 timing reify Completed in 767ms
69 silly ADD node_modules/is-empty
70 timing command:install Completed in 779ms
71 verbose exit 0
72 timing npm Completed in 1431ms
73 info ok
