0 verbose cli /usr/bin/node /usr/bin/npm
1 info using npm@10.5.0
2 info using node@v20.12.2
3 timing npm:load:whichnode Completed in 2ms
4 timing config:load:defaults Completed in 2ms
5 timing config:load:file:/usr/lib/node_modules/npm/npmrc Completed in 3ms
6 timing config:load:builtin Completed in 3ms
7 timing config:load:cli Completed in 12ms
8 timing config:load:env Completed in 0ms
9 timing config:load:file:/home/ubuntu/Todo/.npmrc Completed in 0ms
10 timing config:load:project Completed in 9ms
11 timing config:load:file:/home/ubuntu/.npmrc Completed in 0ms
12 timing config:load:user Completed in 0ms
13 timing config:load:file:/usr/etc/npmrc Completed in 0ms
14 timing config:load:global Completed in 1ms
15 timing config:load:setEnvs Completed in 1ms
16 timing config:load Completed in 29ms
17 timing npm:load:configload Completed in 29ms
18 timing config:load:flatten Completed in 3ms
19 timing npm:load:mkdirpcache Completed in 1ms
20 timing npm:load:mkdirplogs Completed in 0ms
21 verbose title npm install validator
22 verbose argv "install" "validator"
23 timing npm:load:setTitle Completed in 1ms
24 timing npm:load:display Completed in 1ms
25 verbose logfile logs-max:10 dir:/home/ubuntu/.npm/_logs/2024-05-07T14_01_46_322Z-
26 verbose logfile /home/ubuntu/.npm/_logs/2024-05-07T14_01_46_322Z-debug-0.log
27 timing npm:load:logFile Completed in 12ms
28 timing npm:load:timers Completed in 0ms
29 timing npm:load:configScope Completed in 0ms
30 timing npm:load Completed in 65ms
31 timing arborist:ctor Completed in 1ms
32 silly logfile done cleaning log files
33 verbose shrinkwrap failed to load node_modules/.package-lock.json out of date, updated: node_modules
34 timing idealTree:init Completed in 235ms
35 warn old lockfile
35 warn old lockfile The package-lock.json file was created with an old version of npm,
35 warn old lockfile so supplemental metadata must be fetched from the registry.
35 warn old lockfile
35 warn old lockfile This is a one-time fix-up, please be patient...
35 warn old lockfile
36 silly inflate node_modules/@aws-crypto/ie11-detection
37 http fetch GET 200 https://registry.npmjs.org/npm 476ms
38 http fetch GET 200 https://registry.npmjs.org/@aws-crypto%2fie11-detection 364ms (cache miss)
39 silly inflate node_modules/@aws-crypto/ie11-detection/node_modules/tslib
40 http fetch GET 200 https://registry.npmjs.org/tslib 35ms (cache miss)
41 silly inflate node_modules/@aws-crypto/sha256-browser
42 http fetch GET 200 https://registry.npmjs.org/@aws-crypto%2fsha256-browser 78ms (cache miss)
43 silly inflate node_modules/@aws-crypto/sha256-browser/node_modules/tslib
44 silly inflate node_modules/@aws-crypto/sha256-js
45 http fetch GET 200 https://registry.npmjs.org/@aws-crypto%2fsha256-js 68ms (cache miss)
46 silly inflate node_modules/@aws-crypto/sha256-js/node_modules/tslib
47 silly inflate node_modules/@aws-crypto/supports-web-crypto
48 http fetch GET 200 https://registry.npmjs.org/@aws-crypto%2fsupports-web-crypto 57ms (cache miss)
49 silly inflate node_modules/@aws-crypto/supports-web-crypto/node_modules/tslib
50 silly inflate node_modules/@aws-crypto/util
51 http fetch GET 200 https://registry.npmjs.org/@aws-crypto%2futil 68ms (cache miss)
52 silly inflate node_modules/@aws-crypto/util/node_modules/tslib
53 silly inflate node_modules/@aws-sdk/client-cognito-identity
54 http fetch GET 200 https://registry.npmjs.org/@aws-sdk%2fclient-cognito-identity 73ms (cache miss)
55 silly inflate node_modules/@aws-sdk/client-sso
56 http fetch GET 200 https://registry.npmjs.org/@aws-sdk%2fclient-sso 107ms (cache miss)
57 silly inflate node_modules/@aws-sdk/client-sso-oidc
58 http fetch GET 200 https://registry.npmjs.org/@aws-sdk%2fclient-sso-oidc 129ms (cache miss)
59 silly inflate node_modules/@aws-sdk/client-sts
60 http fetch GET 200 https://registry.npmjs.org/@aws-sdk%2fclient-sts 97ms (cache miss)
61 silly inflate node_modules/@aws-sdk/core
62 http fetch GET 200 https://registry.npmjs.org/@aws-sdk%2fcore 65ms (cache miss)
63 silly inflate node_modules/@aws-sdk/credential-provider-cognito-identity
64 http fetch GET 200 https://registry.npmjs.org/@aws-sdk%2fcredential-provider-cognito-identity 89ms (cache miss)
65 silly inflate node_modules/@aws-sdk/credential-provider-env
66 http fetch GET 200 https://registry.npmjs.org/@aws-sdk%2fcredential-provider-env 87ms (cache miss)
67 silly inflate node_modules/@aws-sdk/credential-provider-http
68 http fetch GET 200 https://registry.npmjs.org/@aws-sdk%2fcredential-provider-http 67ms (cache miss)
69 silly inflate node_modules/@aws-sdk/credential-provider-ini
70 http fetch GET 200 https://registry.npmjs.org/@aws-sdk%2fcredential-provider-ini 97ms (cache miss)
71 silly inflate node_modules/@aws-sdk/credential-provider-node
72 http fetch GET 200 https://registry.npmjs.org/@aws-sdk%2fcredential-provider-node 105ms (cache miss)
73 silly inflate node_modules/@aws-sdk/credential-provider-process
74 http fetch GET 200 https://registry.npmjs.org/@aws-sdk%2fcredential-provider-process 78ms (cache miss)
75 silly inflate node_modules/@aws-sdk/credential-provider-sso
76 http fetch GET 200 https://registry.npmjs.org/@aws-sdk%2fcredential-provider-sso 171ms (cache miss)
77 silly inflate node_modules/@aws-sdk/credential-provider-web-identity
78 http fetch GET 200 https://registry.npmjs.org/@aws-sdk%2fcredential-provider-web-identity 68ms (cache miss)
79 silly inflate node_modules/@aws-sdk/credential-providers
80 http fetch GET 200 https://registry.npmjs.org/@aws-sdk%2fcredential-providers 92ms (cache miss)
81 silly inflate node_modules/@aws-sdk/middleware-host-header
82 http fetch GET 200 https://registry.npmjs.org/@aws-sdk%2fmiddleware-host-header 122ms (cache miss)
83 silly inflate node_modules/@aws-sdk/middleware-logger
84 http fetch GET 200 https://registry.npmjs.org/@aws-sdk%2fmiddleware-logger 94ms (cache miss)
85 silly inflate node_modules/@aws-sdk/middleware-recursion-detection
86 http fetch GET 200 https://registry.npmjs.org/@aws-sdk%2fmiddleware-recursion-detection 76ms (cache miss)
87 silly inflate node_modules/@aws-sdk/middleware-user-agent
88 http fetch GET 200 https://registry.npmjs.org/@aws-sdk%2fmiddleware-user-agent 79ms (cache miss)
89 silly inflate node_modules/@aws-sdk/region-config-resolver
90 http fetch GET 200 https://registry.npmjs.org/@aws-sdk%2fregion-config-resolver 57ms (cache miss)
91 silly inflate node_modules/@aws-sdk/token-providers
92 http fetch GET 200 https://registry.npmjs.org/@aws-sdk%2ftoken-providers 94ms (cache miss)
93 silly inflate node_modules/@aws-sdk/types
94 http fetch GET 200 https://registry.npmjs.org/@aws-sdk%2ftypes 68ms (cache miss)
95 silly inflate node_modules/@aws-sdk/util-endpoints
96 http fetch GET 200 https://registry.npmjs.org/@aws-sdk%2futil-endpoints 86ms (cache miss)
97 silly inflate node_modules/@aws-sdk/util-locate-window
98 http fetch GET 200 https://registry.npmjs.org/@aws-sdk%2futil-locate-window 63ms (cache miss)
99 silly inflate node_modules/@aws-sdk/util-user-agent-browser
100 http fetch GET 200 https://registry.npmjs.org/@aws-sdk%2futil-user-agent-browser 73ms (cache miss)
101 silly inflate node_modules/@aws-sdk/util-user-agent-node
102 http fetch GET 200 https://registry.npmjs.org/@aws-sdk%2futil-user-agent-node 69ms (cache miss)
103 silly inflate node_modules/@aws-sdk/util-utf8-browser
104 http fetch GET 200 https://registry.npmjs.org/@aws-sdk%2futil-utf8-browser 76ms (cache miss)
105 silly inflate node_modules/@mongodb-js/saslprep
106 http fetch GET 200 https://registry.npmjs.org/@mongodb-js%2fsaslprep 86ms (cache miss)
107 silly inflate node_modules/@smithy/abort-controller
108 http fetch GET 200 https://registry.npmjs.org/@smithy%2fabort-controller 110ms (cache miss)
109 silly inflate node_modules/@smithy/config-resolver
110 http fetch GET 200 https://registry.npmjs.org/@smithy%2fconfig-resolver 70ms (cache miss)
111 silly inflate node_modules/@smithy/core
112 http fetch GET 200 https://registry.npmjs.org/@smithy%2fcore 61ms (cache miss)
113 silly inflate node_modules/@smithy/credential-provider-imds
114 http fetch GET 200 https://registry.npmjs.org/@smithy%2fcredential-provider-imds 77ms (cache miss)
115 silly inflate node_modules/@smithy/fetch-http-handler
116 http fetch GET 200 https://registry.npmjs.org/@smithy%2ffetch-http-handler 58ms (cache miss)
117 silly inflate node_modules/@smithy/hash-node
118 http fetch GET 200 https://registry.npmjs.org/@smithy%2fhash-node 74ms (cache miss)
119 silly inflate node_modules/@smithy/invalid-dependency
120 http fetch GET 200 https://registry.npmjs.org/@smithy%2finvalid-dependency 93ms (cache miss)
121 silly inflate node_modules/@smithy/is-array-buffer
122 http fetch GET 200 https://registry.npmjs.org/@smithy%2fis-array-buffer 62ms (cache miss)
123 silly inflate node_modules/@smithy/middleware-content-length
124 http fetch GET 200 https://registry.npmjs.org/@smithy%2fmiddleware-content-length 77ms (cache miss)
125 silly inflate node_modules/@smithy/middleware-endpoint
126 http fetch GET 200 https://registry.npmjs.org/@smithy%2fmiddleware-endpoint 73ms (cache miss)
127 silly inflate node_modules/@smithy/middleware-retry
128 http fetch GET 200 https://registry.npmjs.org/@smithy%2fmiddleware-retry 65ms (cache miss)
129 silly inflate node_modules/@smithy/middleware-serde
130 http fetch GET 200 https://registry.npmjs.org/@smithy%2fmiddleware-serde 112ms (cache miss)
131 silly inflate node_modules/@smithy/middleware-stack
132 http fetch GET 200 https://registry.npmjs.org/@smithy%2fmiddleware-stack 68ms (cache miss)
133 silly inflate node_modules/@smithy/node-config-provider
134 http fetch GET 200 https://registry.npmjs.org/@smithy%2fnode-config-provider 102ms (cache miss)
135 silly inflate node_modules/@smithy/node-http-handler
136 http fetch GET 200 https://registry.npmjs.org/@smithy%2fnode-http-handler 105ms (cache miss)
137 silly inflate node_modules/@smithy/property-provider
138 http fetch GET 200 https://registry.npmjs.org/@smithy%2fproperty-provider 58ms (cache miss)
139 silly inflate node_modules/@smithy/protocol-http
140 http fetch GET 200 https://registry.npmjs.org/@smithy%2fprotocol-http 81ms (cache miss)
141 silly inflate node_modules/@smithy/querystring-builder
142 http fetch GET 200 https://registry.npmjs.org/@smithy%2fquerystring-builder 65ms (cache miss)
143 silly inflate node_modules/@smithy/querystring-parser
144 http fetch GET 200 https://registry.npmjs.org/@smithy%2fquerystring-parser 72ms (cache miss)
145 silly inflate node_modules/@smithy/service-error-classification
146 http fetch GET 200 https://registry.npmjs.org/@smithy%2fservice-error-classification 63ms (cache miss)
147 silly inflate node_modules/@smithy/shared-ini-file-loader
148 http fetch GET 200 https://registry.npmjs.org/@smithy%2fshared-ini-file-loader 69ms (cache miss)
149 silly inflate node_modules/@smithy/signature-v4
150 http fetch GET 200 https://registry.npmjs.org/@smithy%2fsignature-v4 59ms (cache miss)
151 silly inflate node_modules/@smithy/smithy-client
152 http fetch GET 200 https://registry.npmjs.org/@smithy%2fsmithy-client 70ms (cache miss)
153 silly inflate node_modules/@smithy/types
154 http fetch GET 200 https://registry.npmjs.org/@smithy%2ftypes 70ms (cache miss)
155 silly inflate node_modules/@smithy/url-parser
156 http fetch GET 200 https://registry.npmjs.org/@smithy%2furl-parser 59ms (cache miss)
157 silly inflate node_modules/@smithy/util-base64
158 http fetch GET 200 https://registry.npmjs.org/@smithy%2futil-base64 72ms (cache miss)
159 silly inflate node_modules/@smithy/util-body-length-browser
160 http fetch GET 200 https://registry.npmjs.org/@smithy%2futil-body-length-browser 73ms (cache miss)
161 silly inflate node_modules/@smithy/util-body-length-node
162 http fetch GET 200 https://registry.npmjs.org/@smithy%2futil-body-length-node 74ms (cache miss)
163 silly inflate node_modules/@smithy/util-buffer-from
164 http fetch GET 200 https://registry.npmjs.org/@smithy%2futil-buffer-from 90ms (cache miss)
165 silly inflate node_modules/@smithy/util-config-provider
166 http fetch GET 200 https://registry.npmjs.org/@smithy%2futil-config-provider 62ms (cache miss)
167 silly inflate node_modules/@smithy/util-defaults-mode-browser
168 http fetch GET 200 https://registry.npmjs.org/@smithy%2futil-defaults-mode-browser 82ms (cache miss)
169 silly inflate node_modules/@smithy/util-defaults-mode-node
170 http fetch GET 200 https://registry.npmjs.org/@smithy%2futil-defaults-mode-node 137ms (cache miss)
171 silly inflate node_modules/@smithy/util-endpoints
172 http fetch GET 200 https://registry.npmjs.org/@smithy%2futil-endpoints 73ms (cache miss)
173 silly inflate node_modules/@smithy/util-hex-encoding
174 http fetch GET 200 https://registry.npmjs.org/@smithy%2futil-hex-encoding 53ms (cache miss)
175 silly inflate node_modules/@smithy/util-middleware
176 http fetch GET 200 https://registry.npmjs.org/@smithy%2futil-middleware 89ms (cache miss)
177 silly inflate node_modules/@smithy/util-retry
178 http fetch GET 200 https://registry.npmjs.org/@smithy%2futil-retry 87ms (cache miss)
179 silly inflate node_modules/@smithy/util-stream
180 http fetch GET 200 https://registry.npmjs.org/@smithy%2futil-stream 84ms (cache miss)
181 silly inflate node_modules/@smithy/util-uri-escape
182 http fetch GET 200 https://registry.npmjs.org/@smithy%2futil-uri-escape 99ms (cache miss)
183 silly inflate node_modules/@smithy/util-utf8
184 http fetch GET 200 https://registry.npmjs.org/@smithy%2futil-utf8 156ms (cache miss)
185 silly inflate node_modules/@types/node
186 http fetch GET 200 https://registry.npmjs.org/@types%2fnode 99ms (cache miss)
187 silly inflate node_modules/@types/webidl-conversions
188 http fetch GET 200 https://registry.npmjs.org/@types%2fwebidl-conversions 82ms (cache miss)
189 silly inflate node_modules/@types/whatwg-url
190 http fetch GET 200 https://registry.npmjs.org/@types%2fwhatwg-url 49ms (cache miss)
191 silly inflate node_modules/accepts
192 http fetch GET 200 https://registry.npmjs.org/accepts 39ms (cache miss)
193 silly inflate node_modules/array-flatten
194 http fetch GET 200 https://registry.npmjs.org/array-flatten 30ms (cache miss)
195 silly inflate node_modules/base64-js
196 http fetch GET 200 https://registry.npmjs.org/base64-js 40ms (cache miss)
197 silly inflate node_modules/body-parser
198 http fetch GET 200 https://registry.npmjs.org/body-parser 32ms (cache miss)
199 silly inflate node_modules/bowser
200 http fetch GET 200 https://registry.npmjs.org/bowser 50ms (cache miss)
201 silly inflate node_modules/bson
202 http fetch GET 200 https://registry.npmjs.org/bson 33ms (cache miss)
203 silly inflate node_modules/buffer
204 http fetch GET 200 https://registry.npmjs.org/buffer 40ms (cache miss)
205 silly inflate node_modules/bytes
206 http fetch GET 200 https://registry.npmjs.org/bytes 34ms (cache miss)
207 silly inflate node_modules/call-bind
208 http fetch GET 200 https://registry.npmjs.org/call-bind 32ms (cache miss)
209 silly inflate node_modules/content-disposition
210 http fetch GET 200 https://registry.npmjs.org/content-disposition 29ms (cache miss)
211 silly inflate node_modules/content-type
212 http fetch GET 200 https://registry.npmjs.org/content-type 39ms (cache miss)
213 silly inflate node_modules/cookie
214 http fetch GET 200 https://registry.npmjs.org/cookie 29ms (cache miss)
215 silly inflate node_modules/cookie-signature
216 http fetch GET 200 https://registry.npmjs.org/cookie-signature 54ms (cache miss)
217 silly inflate node_modules/debug
218 http fetch GET 200 https://registry.npmjs.org/debug 43ms (cache miss)
219 silly inflate node_modules/define-data-property
220 http fetch GET 200 https://registry.npmjs.org/define-data-property 60ms (cache miss)
221 silly inflate node_modules/depd
222 http fetch GET 200 https://registry.npmjs.org/depd 37ms (cache miss)
223 silly inflate node_modules/destroy
224 http fetch GET 200 https://registry.npmjs.org/destroy 75ms (cache miss)
225 silly inflate node_modules/dotenv
226 http fetch GET 200 https://registry.npmjs.org/dotenv 37ms (cache miss)
227 silly inflate node_modules/ee-first
228 http fetch GET 200 https://registry.npmjs.org/ee-first 31ms (cache miss)
229 silly inflate node_modules/encodeurl
230 http fetch GET 200 https://registry.npmjs.org/encodeurl 45ms (cache miss)
231 silly inflate node_modules/es-define-property
232 http fetch GET 200 https://registry.npmjs.org/es-define-property 87ms (cache miss)
233 silly inflate node_modules/es-errors
234 http fetch GET 200 https://registry.npmjs.org/es-errors 26ms (cache miss)
235 silly inflate node_modules/escape-html
236 http fetch GET 200 https://registry.npmjs.org/escape-html 87ms (cache miss)
237 silly inflate node_modules/etag
238 http fetch GET 200 https://registry.npmjs.org/etag 39ms (cache miss)
239 silly inflate node_modules/express
240 http fetch GET 200 https://registry.npmjs.org/express 83ms (cache miss)
241 silly inflate node_modules/fast-xml-parser
242 http fetch GET 200 https://registry.npmjs.org/fast-xml-parser 53ms (cache miss)
243 silly inflate node_modules/finalhandler
244 http fetch GET 200 https://registry.npmjs.org/finalhandler 28ms (cache miss)
245 silly inflate node_modules/forwarded
246 http fetch GET 200 https://registry.npmjs.org/forwarded 53ms (cache miss)
247 silly inflate node_modules/fresh
248 http fetch GET 200 https://registry.npmjs.org/fresh 39ms (cache miss)
249 silly inflate node_modules/function-bind
250 http fetch GET 200 https://registry.npmjs.org/function-bind 27ms (cache miss)
251 silly inflate node_modules/get-intrinsic
252 http fetch GET 200 https://registry.npmjs.org/get-intrinsic 33ms (cache miss)
253 silly inflate node_modules/gopd
254 http fetch GET 200 https://registry.npmjs.org/gopd 26ms (cache miss)
255 silly inflate node_modules/has-property-descriptors
256 http fetch GET 200 https://registry.npmjs.org/has-property-descriptors 68ms (cache miss)
257 silly inflate node_modules/has-proto
258 http fetch GET 200 https://registry.npmjs.org/has-proto 41ms (cache miss)
259 silly inflate node_modules/has-symbols
260 http fetch GET 200 https://registry.npmjs.org/has-symbols 52ms (cache miss)
261 silly inflate node_modules/hasown
262 http fetch GET 200 https://registry.npmjs.org/hasown 29ms (cache miss)
263 silly inflate node_modules/http-errors
264 http fetch GET 200 https://registry.npmjs.org/http-errors 38ms (cache miss)
265 silly inflate node_modules/iconv-lite
266 http fetch GET 200 https://registry.npmjs.org/iconv-lite 25ms (cache miss)
267 silly inflate node_modules/ieee754
268 http fetch GET 200 https://registry.npmjs.org/ieee754 33ms (cache miss)
269 silly inflate node_modules/inherits
270 http fetch GET 200 https://registry.npmjs.org/inherits 43ms (cache miss)
271 silly inflate node_modules/ip-address
272 http fetch GET 200 https://registry.npmjs.org/ip-address 29ms (cache miss)
273 silly inflate node_modules/ipaddr.js
274 http fetch GET 200 https://registry.npmjs.org/ipaddr.js 27ms (cache miss)
275 silly inflate node_modules/jsbn
276 http fetch GET 200 https://registry.npmjs.org/jsbn 43ms (cache miss)
277 silly inflate node_modules/kareem
278 http fetch GET 200 https://registry.npmjs.org/kareem 99ms (cache miss)
279 silly inflate node_modules/media-typer
280 http fetch GET 200 https://registry.npmjs.org/media-typer 33ms (cache miss)
281 silly inflate node_modules/memory-pager
282 http fetch GET 200 https://registry.npmjs.org/memory-pager 42ms (cache miss)
283 silly inflate node_modules/merge-descriptors
284 http fetch GET 200 https://registry.npmjs.org/merge-descriptors 35ms (cache miss)
285 silly inflate node_modules/methods
286 http fetch GET 200 https://registry.npmjs.org/methods 48ms (cache miss)
287 silly inflate node_modules/mime
288 http fetch GET 200 https://registry.npmjs.org/mime 44ms (cache miss)
289 silly inflate node_modules/mime-db
290 http fetch GET 200 https://registry.npmjs.org/mime-db 44ms (cache miss)
291 silly inflate node_modules/mime-types
292 http fetch GET 200 https://registry.npmjs.org/mime-types 34ms (cache miss)
293 silly inflate node_modules/mongodb
294 http fetch GET 200 https://registry.npmjs.org/mongodb 48ms (cache miss)
295 silly inflate node_modules/mongodb-connection-string-url
296 http fetch GET 200 https://registry.npmjs.org/mongodb-connection-string-url 55ms (cache miss)
297 silly inflate node_modules/mongodb-connection-string-url/node_modules/@types/whatwg-url
298 silly inflate node_modules/mongodb-connection-string-url/node_modules/tr46
299 http fetch GET 200 https://registry.npmjs.org/tr46 26ms (cache miss)
300 silly inflate node_modules/mongodb-connection-string-url/node_modules/whatwg-url
301 http fetch GET 200 https://registry.npmjs.org/whatwg-url 40ms (cache miss)
302 silly inflate node_modules/mongoose
303 http fetch GET 200 https://registry.npmjs.org/mongoose 67ms (cache miss)
304 silly inflate node_modules/mongoose/node_modules/bson
305 silly inflate node_modules/mongoose/node_modules/mongodb
306 silly inflate node_modules/mongoose/node_modules/mongodb/node_modules/@mongodb-js/saslprep
307 silly inflate node_modules/mongoose/node_modules/mongodb/node_modules/mongodb-connection-string-url
308 silly inflate node_modules/mongoose/node_modules/ms
309 http fetch GET 200 https://registry.npmjs.org/ms 77ms (cache miss)
310 silly inflate node_modules/mpath
311 http fetch GET 200 https://registry.npmjs.org/mpath 35ms (cache miss)
312 silly inflate node_modules/mquery
313 http fetch GET 200 https://registry.npmjs.org/mquery 31ms (cache miss)
314 silly inflate node_modules/mquery/node_modules/debug
315 silly inflate node_modules/mquery/node_modules/ms
316 silly inflate node_modules/ms
317 silly inflate node_modules/negotiator
318 http fetch GET 200 https://registry.npmjs.org/negotiator 42ms (cache miss)
319 silly inflate node_modules/object-inspect
320 http fetch GET 200 https://registry.npmjs.org/object-inspect 29ms (cache miss)
321 silly inflate node_modules/on-finished
322 http fetch GET 200 https://registry.npmjs.org/on-finished 30ms (cache miss)
323 silly inflate node_modules/parseurl
324 http fetch GET 200 https://registry.npmjs.org/parseurl 35ms (cache miss)
325 silly inflate node_modules/path-to-regexp
326 http fetch GET 200 https://registry.npmjs.org/path-to-regexp 30ms (cache miss)
327 silly inflate node_modules/proxy-addr
328 http fetch GET 200 https://registry.npmjs.org/proxy-addr 42ms (cache miss)
329 silly inflate node_modules/punycode
330 http fetch GET 200 https://registry.npmjs.org/punycode 31ms (cache miss)
331 silly inflate node_modules/qs
332 http fetch GET 200 https://registry.npmjs.org/qs 69ms (cache miss)
333 silly inflate node_modules/range-parser
334 http fetch GET 200 https://registry.npmjs.org/range-parser 32ms (cache miss)
335 silly inflate node_modules/raw-body
336 http fetch GET 200 https://registry.npmjs.org/raw-body 51ms (cache miss)
337 silly inflate node_modules/safe-buffer
338 http fetch GET 200 https://registry.npmjs.org/safe-buffer 37ms (cache miss)
339 silly inflate node_modules/safer-buffer
340 http fetch GET 200 https://registry.npmjs.org/safer-buffer 48ms (cache miss)
341 silly inflate node_modules/send
342 http fetch GET 200 https://registry.npmjs.org/send 36ms (cache miss)
343 silly inflate node_modules/send/node_modules/ms
344 silly inflate node_modules/serve-static
345 http fetch GET 200 https://registry.npmjs.org/serve-static 27ms (cache miss)
346 silly inflate node_modules/set-function-length
347 http fetch GET 200 https://registry.npmjs.org/set-function-length 32ms (cache miss)
348 silly inflate node_modules/setprototypeof
349 http fetch GET 200 https://registry.npmjs.org/setprototypeof 41ms (cache miss)
350 silly inflate node_modules/side-channel
351 http fetch GET 200 https://registry.npmjs.org/side-channel 33ms (cache miss)
352 silly inflate node_modules/sift
353 http fetch GET 200 https://registry.npmjs.org/sift 49ms (cache miss)
354 silly inflate node_modules/smart-buffer
355 http fetch GET 200 https://registry.npmjs.org/smart-buffer 47ms (cache miss)
356 silly inflate node_modules/socks
357 http fetch GET 200 https://registry.npmjs.org/socks 49ms (cache miss)
358 silly inflate node_modules/sparse-bitfield
359 http fetch GET 200 https://registry.npmjs.org/sparse-bitfield 27ms (cache miss)
360 silly inflate node_modules/sprintf-js
361 http fetch GET 200 https://registry.npmjs.org/sprintf-js 37ms (cache miss)
362 silly inflate node_modules/statuses
363 http fetch GET 200 https://registry.npmjs.org/statuses 30ms (cache miss)
364 silly inflate node_modules/strnum
365 http fetch GET 200 https://registry.npmjs.org/strnum 32ms (cache miss)
366 silly inflate node_modules/toidentifier
367 http fetch GET 200 https://registry.npmjs.org/toidentifier 80ms (cache miss)
368 silly inflate node_modules/tr46
369 silly inflate node_modules/tslib
370 silly inflate node_modules/type-is
371 http fetch GET 200 https://registry.npmjs.org/type-is 43ms (cache miss)
372 silly inflate node_modules/undici-types
373 http fetch GET 200 https://registry.npmjs.org/undici-types 42ms (cache miss)
374 silly inflate node_modules/unpipe
375 http fetch GET 200 https://registry.npmjs.org/unpipe 69ms (cache miss)
376 silly inflate node_modules/utils-merge
377 http fetch GET 200 https://registry.npmjs.org/utils-merge 34ms (cache miss)
378 silly inflate node_modules/uuid
379 http fetch GET 200 https://registry.npmjs.org/uuid 34ms (cache miss)
380 silly inflate node_modules/vary
381 http fetch GET 200 https://registry.npmjs.org/vary 39ms (cache miss)
382 silly inflate node_modules/webidl-conversions
383 http fetch GET 200 https://registry.npmjs.org/webidl-conversions 30ms (cache miss)
384 silly inflate node_modules/whatwg-url
385 timing idealTree:inflate Completed in 10638ms
386 timing idealTree:userRequests Completed in 4ms
387 silly idealTree buildDeps
388 silly fetch manifest validator@*
389 http fetch GET 200 https://registry.npmjs.org/validator 45ms (cache miss)
390 silly placeDep ROOT validator@13.11.0 OK for: todo@1.0.0 want: *
391 timing idealTree:#root Completed in 56ms
392 timing idealTree:node_modules/validator Completed in 0ms
393 timing idealTree:buildDeps Completed in 57ms
394 timing idealTree:fixDepFlags Completed in 12ms
395 timing idealTree Completed in 10955ms
396 timing reify:loadTrees Completed in 10956ms
397 timing reify:diffTrees Completed in 13ms
398 silly reify moves {}
399 timing reify:retireShallow Completed in 2ms
400 timing reify:createSparse Completed in 1ms
401 timing reify:loadBundles Completed in 0ms
402 silly audit bulk request {
402 silly audit   '@aws-crypto/ie11-detection': [ '3.0.0' ],
402 silly audit   tslib: [ '1.14.1', '2.6.2' ],
402 silly audit   '@aws-crypto/sha256-browser': [ '3.0.0' ],
402 silly audit   '@aws-crypto/sha256-js': [ '3.0.0' ],
402 silly audit   '@aws-crypto/supports-web-crypto': [ '3.0.0' ],
402 silly audit   '@aws-crypto/util': [ '3.0.0' ],
402 silly audit   '@aws-sdk/client-cognito-identity': [ '3.569.0' ],
402 silly audit   '@aws-sdk/client-sso': [ '3.568.0' ],
402 silly audit   '@aws-sdk/client-sso-oidc': [ '3.569.0' ],
402 silly audit   '@aws-sdk/client-sts': [ '3.569.0' ],
402 silly audit   '@aws-sdk/core': [ '3.567.0' ],
402 silly audit   '@aws-sdk/credential-provider-cognito-identity': [ '3.569.0' ],
402 silly audit   '@aws-sdk/credential-provider-env': [ '3.568.0' ],
402 silly audit   '@aws-sdk/credential-provider-http': [ '3.568.0' ],
402 silly audit   '@aws-sdk/credential-provider-ini': [ '3.568.0' ],
402 silly audit   '@aws-sdk/credential-provider-node': [ '3.569.0' ],
402 silly audit   '@aws-sdk/credential-provider-process': [ '3.568.0' ],
402 silly audit   '@aws-sdk/credential-provider-sso': [ '3.568.0' ],
402 silly audit   '@aws-sdk/credential-provider-web-identity': [ '3.568.0' ],
402 silly audit   '@aws-sdk/credential-providers': [ '3.569.0' ],
402 silly audit   '@aws-sdk/middleware-host-header': [ '3.567.0' ],
402 silly audit   '@aws-sdk/middleware-logger': [ '3.568.0' ],
402 silly audit   '@aws-sdk/middleware-recursion-detection': [ '3.567.0' ],
402 silly audit   '@aws-sdk/middleware-user-agent': [ '3.567.0' ],
402 silly audit   '@aws-sdk/region-config-resolver': [ '3.567.0' ],
402 silly audit   '@aws-sdk/token-providers': [ '3.568.0' ],
402 silly audit   '@aws-sdk/types': [ '3.567.0' ],
402 silly audit   '@aws-sdk/util-endpoints': [ '3.567.0' ],
402 silly audit   '@aws-sdk/util-locate-window': [ '3.568.0' ],
402 silly audit   '@aws-sdk/util-user-agent-browser': [ '3.567.0' ],
402 silly audit   '@aws-sdk/util-user-agent-node': [ '3.568.0' ],
402 silly audit   '@aws-sdk/util-utf8-browser': [ '3.259.0' ],
402 silly audit   '@mongodb-js/saslprep': [ '1.1.6' ],
402 silly audit   '@smithy/abort-controller': [ '2.2.0' ],
402 silly audit   '@smithy/config-resolver': [ '2.2.0' ],
402 silly audit   '@smithy/core': [ '1.4.2' ],
402 silly audit   '@smithy/credential-provider-imds': [ '2.3.0' ],
402 silly audit   '@smithy/fetch-http-handler': [ '2.5.0' ],
402 silly audit   '@smithy/hash-node': [ '2.2.0' ],
402 silly audit   '@smithy/invalid-dependency': [ '2.2.0' ],
402 silly audit   '@smithy/is-array-buffer': [ '2.2.0' ],
402 silly audit   '@smithy/middleware-content-length': [ '2.2.0' ],
402 silly audit   '@smithy/middleware-endpoint': [ '2.5.1' ],
402 silly audit   '@smithy/middleware-retry': [ '2.3.1' ],
402 silly audit   '@smithy/middleware-serde': [ '2.3.0' ],
402 silly audit   '@smithy/middleware-stack': [ '2.2.0' ],
402 silly audit   '@smithy/node-config-provider': [ '2.3.0' ],
402 silly audit   '@smithy/node-http-handler': [ '2.5.0' ],
402 silly audit   '@smithy/property-provider': [ '2.2.0' ],
402 silly audit   '@smithy/protocol-http': [ '3.3.0' ],
402 silly audit   '@smithy/querystring-builder': [ '2.2.0' ],
402 silly audit   '@smithy/querystring-parser': [ '2.2.0' ],
402 silly audit   '@smithy/service-error-classification': [ '2.1.5' ],
402 silly audit   '@smithy/shared-ini-file-loader': [ '2.4.0' ],
402 silly audit   '@smithy/signature-v4': [ '2.3.0' ],
402 silly audit   '@smithy/smithy-client': [ '2.5.1' ],
402 silly audit   '@smithy/types': [ '2.12.0' ],
402 silly audit   '@smithy/url-parser': [ '2.2.0' ],
402 silly audit   '@smithy/util-base64': [ '2.3.0' ],
402 silly audit   '@smithy/util-body-length-browser': [ '2.2.0' ],
402 silly audit   '@smithy/util-body-length-node': [ '2.3.0' ],
402 silly audit   '@smithy/util-buffer-from': [ '2.2.0' ],
402 silly audit   '@smithy/util-config-provider': [ '2.3.0' ],
402 silly audit   '@smithy/util-defaults-mode-browser': [ '2.2.1' ],
402 silly audit   '@smithy/util-defaults-mode-node': [ '2.3.1' ],
402 silly audit   '@smithy/util-endpoints': [ '1.2.0' ],
402 silly audit   '@smithy/util-hex-encoding': [ '2.2.0' ],
402 silly audit   '@smithy/util-middleware': [ '2.2.0' ],
402 silly audit   '@smithy/util-retry': [ '2.2.0' ],
402 silly audit   '@smithy/util-stream': [ '2.2.0' ],
402 silly audit   '@smithy/util-uri-escape': [ '2.2.0' ],
402 silly audit   '@smithy/util-utf8': [ '2.3.0' ],
402 silly audit   '@types/node': [ '20.12.9' ],
402 silly audit   '@types/webidl-conversions': [ '7.0.3' ],
402 silly audit   '@types/whatwg-url': [ '11.0.4', '8.2.2' ],
402 silly audit   accepts: [ '1.3.8' ],
402 silly audit   'array-flatten': [ '1.1.1' ],
402 silly audit   'base64-js': [ '1.5.1' ],
402 silly audit   'body-parser': [ '1.20.2' ],
402 silly audit   bowser: [ '2.11.0' ],
402 silly audit   bson: [ '4.7.2', '6.7.0' ],
402 silly audit   buffer: [ '5.7.1' ],
402 silly audit   bytes: [ '3.1.2' ],
402 silly audit   'call-bind': [ '1.0.7' ],
402 silly audit   'content-disposition': [ '0.5.4' ],
402 silly audit   'content-type': [ '1.0.5' ],
402 silly audit   cookie: [ '0.6.0' ],
402 silly audit   'cookie-signature': [ '1.0.6' ],
402 silly audit   debug: [ '2.6.9', '4.3.4' ],
402 silly audit   'define-data-property': [ '1.1.4' ],
402 silly audit   depd: [ '2.0.0' ],
402 silly audit   destroy: [ '1.2.0' ],
402 silly audit   dotenv: [ '16.4.5' ],
402 silly audit   'ee-first': [ '1.1.1' ],
402 silly audit   encodeurl: [ '1.0.2' ],
402 silly audit   'es-define-property': [ '1.0.0' ],
402 silly audit   'es-errors': [ '1.3.0' ],
402 silly audit   'escape-html': [ '1.0.3' ],
402 silly audit   etag: [ '1.8.1' ],
402 silly audit   express: [ '4.19.2' ],
402 silly audit   'fast-xml-parser': [ '4.2.5' ],
402 silly audit   finalhandler: [ '1.2.0' ],
402 silly audit   forwarded: [ '0.2.0' ],
402 silly audit   fresh: [ '0.5.2' ],
402 silly audit   'function-bind': [ '1.1.2' ],
402 silly audit   'get-intrinsic': [ '1.2.4' ],
402 silly audit   gopd: [ '1.0.1' ],
402 silly audit   'has-property-descriptors': [ '1.0.2' ],
402 silly audit   'has-proto': [ '1.0.3' ],
402 silly audit   'has-symbols': [ '1.0.3' ],
402 silly audit   hasown: [ '2.0.2' ],
402 silly audit   'http-errors': [ '2.0.0' ],
402 silly audit   'iconv-lite': [ '0.4.24' ],
402 silly audit   ieee754: [ '1.2.1' ],
402 silly audit   inherits: [ '2.0.4' ],
402 silly audit   'ip-address': [ '9.0.5' ],
402 silly audit   'ipaddr.js': [ '1.9.1' ],
402 silly audit   jsbn: [ '1.1.0' ],
402 silly audit   kareem: [ '2.6.3' ],
402 silly audit   'media-typer': [ '0.3.0' ],
402 silly audit   'memory-pager': [ '1.5.0' ],
402 silly audit   'merge-descriptors': [ '1.0.1' ],
402 silly audit   methods: [ '1.1.2' ],
402 silly audit   mime: [ '1.6.0' ],
402 silly audit   'mime-db': [ '1.52.0' ],
402 silly audit   'mime-types': [ '2.1.35' ],
402 silly audit   mongodb: [ '4.17.2', '6.5.0' ],
402 silly audit   'mongodb-connection-string-url': [ '2.6.0', '3.0.0' ],
402 silly audit   tr46: [ '3.0.0', '4.1.1' ],
402 silly audit   'whatwg-url': [ '11.0.0', '13.0.0' ],
402 silly audit   mongoose: [ '8.3.3' ],
402 silly audit   ms: [ '2.1.3', '2.1.2', '2.0.0' ],
402 silly audit   mpath: [ '0.9.0' ],
402 silly audit   mquery: [ '5.0.0' ],
402 silly audit   negotiator: [ '0.6.3' ],
402 silly audit   'object-inspect': [ '1.13.1' ],
402 silly audit   'on-finished': [ '2.4.1' ],
402 silly audit   parseurl: [ '1.3.3' ],
402 silly audit   'path-to-regexp': [ '0.1.7' ],
402 silly audit   'proxy-addr': [ '2.0.7' ],
402 silly audit   punycode: [ '2.3.1' ],
402 silly audit   qs: [ '6.11.0' ],
402 silly audit   'range-parser': [ '1.2.1' ],
402 silly audit   'raw-body': [ '2.5.2' ],
402 silly audit   'safe-buffer': [ '5.2.1' ],
402 silly audit   'safer-buffer': [ '2.1.2' ],
402 silly audit   send: [ '0.18.0' ],
402 silly audit   'serve-static': [ '1.15.0' ],
402 silly audit   'set-function-length': [ '1.2.2' ],
402 silly audit   setprototypeof: [ '1.2.0' ],
402 silly audit   'side-channel': [ '1.0.6' ],
402 silly audit   sift: [ '16.0.1' ],
402 silly audit   'smart-buffer': [ '4.2.0' ],
402 silly audit   socks: [ '2.8.3' ],
402 silly audit   'sparse-bitfield': [ '3.0.3' ],
402 silly audit   'sprintf-js': [ '1.1.3' ],
402 silly audit   statuses: [ '2.0.1' ],
402 silly audit   strnum: [ '1.0.5' ],
402 silly audit   toidentifier: [ '1.0.1' ],
402 silly audit   'type-is': [ '1.6.18' ],
402 silly audit   'undici-types': [ '5.26.5' ],
402 silly audit   unpipe: [ '1.0.0' ],
402 silly audit   'utils-merge': [ '1.0.1' ],
402 silly audit   uuid: [ '9.0.1' ],
402 silly audit   vary: [ '1.1.2' ],
402 silly audit   'webidl-conversions': [ '7.0.0' ],
402 silly audit   validator: [ '13.11.0' ]
402 silly audit }
403 silly tarball no local data for validator@https://registry.npmjs.org/validator/-/validator-13.11.0.tgz. Extracting by manifest.
404 http fetch POST 200 https://registry.npmjs.org/-/npm/v1/security/advisories/bulk 121ms
405 timing auditReport:getReport Completed in 126ms
406 silly audit report {}
407 timing auditReport:init Completed in 0ms
408 timing reify:audit Completed in 127ms
409 http fetch GET 200 https://registry.npmjs.org/validator/-/validator-13.11.0.tgz 158ms (cache miss)
410 timing reifyNode:node_modules/validator Completed in 167ms
411 timing reify:unpack Completed in 167ms
412 timing reify:unretire Completed in 0ms
413 timing build:queue Completed in 1ms
414 timing build:deps Completed in 1ms
415 timing build Completed in 1ms
416 timing reify:build Completed in 2ms
417 timing reify:trash Completed in 0ms
418 timing reify:save Completed in 235ms
419 timing reify Completed in 11538ms
420 silly ADD node_modules/validator
421 timing command:install Completed in 11548ms
422 notice
422 notice New [33mminor[39m version of npm available! [31m10.5.0[39m -> [32m10.7.0[39m
422 notice Changelog: [36mhttps://github.com/npm/cli/releases/tag/v10.7.0[39m
422 notice Run [32mnpm install -g npm@10.7.0[39m to update!
422 notice
423 verbose exit 0
424 timing npm Completed in 11875ms
425 info ok
